<?xml version="1.0" encoding="UTF-8"?>
<!-- Generated by org.testng.reporters.JUnitReportReporter -->
<testsuite skipped="0" hostname="LAPTOP-FHVIN2VS" name="logs.DemoLogs" tests="2" failures="0" timestamp="27 Apr 2020 00:48:09 GMT" time="24.694" errors="0">
  <testcase name="FreeCrmTitleTest" time="10.580" classname="logs.DemoLogs"/>
  <testcase name="FreeCrmLogoTest" time="14.114" classname="logs.DemoLogs"/>
</testsuite> <!-- logs.DemoLogs -->
